C:\Users\משתמש\Desktop\CustomerManagement\CustomerManagement.Web\CustomerManagementClient\dist\out-tsc\e2e\src\app.po.js
C:\Users\משתמש\Desktop\CustomerManagement\CustomerManagement.Web\CustomerManagementClient\dist\out-tsc\e2e\src\app.po.js.map
C:\Users\משתמש\Desktop\CustomerManagement\CustomerManagement.Web\CustomerManagementClient\dist\out-tsc\e2e\src\app.e2e-spec.js
C:\Users\משתמש\Desktop\CustomerManagement\CustomerManagement.Web\CustomerManagementClient\dist\out-tsc\e2e\src\app.e2e-spec.js.map
C:\Users\משתמש\Desktop\CustomerManagement\CustomerManagement.Web\CustomerManagementClient\dist\out-tsc\src\app\entities\customer.js
C:\Users\משתמש\Desktop\CustomerManagement\CustomerManagement.Web\CustomerManagementClient\dist\out-tsc\src\app\entities\customer.js.map
C:\Users\משתמש\Desktop\CustomerManagement\CustomerManagement.Web\CustomerManagementClient\dist\out-tsc\src\app\components\viewModels\cityVw.js
C:\Users\משתמש\Desktop\CustomerManagement\CustomerManagement.Web\CustomerManagementClient\dist\out-tsc\src\app\components\viewModels\cityVw.js.map
C:\Users\משתמש\Desktop\CustomerManagement\CustomerManagement.Web\CustomerManagementClient\dist\out-tsc\src\app\sevices\error-handle-service .js
C:\Users\משתמש\Desktop\CustomerManagement\CustomerManagement.Web\CustomerManagementClient\dist\out-tsc\src\app\sevices\error-handle-service .js.map
C:\Users\משתמש\Desktop\CustomerManagement\CustomerManagement.Web\CustomerManagementClient\dist\out-tsc\src\app\sevices\bank-service.service.js
C:\Users\משתמש\Desktop\CustomerManagement\CustomerManagement.Web\CustomerManagementClient\dist\out-tsc\src\app\sevices\bank-service.service.js.map
C:\Users\משתמש\Desktop\CustomerManagement\CustomerManagement.Web\CustomerManagementClient\dist\out-tsc\src\app\components\viewModels\customerVw.js
C:\Users\משתמש\Desktop\CustomerManagement\CustomerManagement.Web\CustomerManagementClient\dist\out-tsc\src\app\components\viewModels\customerVw.js.map
C:\Users\משתמש\Desktop\CustomerManagement\CustomerManagement.Web\CustomerManagementClient\dist\out-tsc\src\app\sevices\customer-service.service.js
C:\Users\משתמש\Desktop\CustomerManagement\CustomerManagement.Web\CustomerManagementClient\dist\out-tsc\src\app\sevices\customer-service.service.js.map
C:\Users\משתמש\Desktop\CustomerManagement\CustomerManagement.Web\CustomerManagementClient\dist\out-tsc\src\app\sevices\city-service.service.js
C:\Users\משתמש\Desktop\CustomerManagement\CustomerManagement.Web\CustomerManagementClient\dist\out-tsc\src\app\sevices\city-service.service.js.map
C:\Users\משתמש\Desktop\CustomerManagement\CustomerManagement.Web\CustomerManagementClient\dist\out-tsc\src\app\components\create-customer\create-customer.component.js
C:\Users\משתמש\Desktop\CustomerManagement\CustomerManagement.Web\CustomerManagementClient\dist\out-tsc\src\app\components\create-customer\create-customer.component.js.map
C:\Users\משתמש\Desktop\CustomerManagement\CustomerManagement.Web\CustomerManagementClient\dist\out-tsc\src\app\components\customers-list\customers-list.component.js
C:\Users\משתמש\Desktop\CustomerManagement\CustomerManagement.Web\CustomerManagementClient\dist\out-tsc\src\app\components\customers-list\customers-list.component.js.map
C:\Users\משתמש\Desktop\CustomerManagement\CustomerManagement.Web\CustomerManagementClient\dist\out-tsc\src\app\components\home\home.component.js
C:\Users\משתמש\Desktop\CustomerManagement\CustomerManagement.Web\CustomerManagementClient\dist\out-tsc\src\app\components\home\home.component.js.map
C:\Users\משתמש\Desktop\CustomerManagement\CustomerManagement.Web\CustomerManagementClient\dist\out-tsc\src\app\app-routing.module.js
C:\Users\משתמש\Desktop\CustomerManagement\CustomerManagement.Web\CustomerManagementClient\dist\out-tsc\src\app\app-routing.module.js.map
C:\Users\משתמש\Desktop\CustomerManagement\CustomerManagement.Web\CustomerManagementClient\dist\out-tsc\src\app\app.component.js
C:\Users\משתמש\Desktop\CustomerManagement\CustomerManagement.Web\CustomerManagementClient\dist\out-tsc\src\app\app.component.js.map
C:\Users\משתמש\Desktop\CustomerManagement\CustomerManagement.Web\CustomerManagementClient\dist\out-tsc\src\app\components\validation-viewer\validation-viewer.component.js
C:\Users\משתמש\Desktop\CustomerManagement\CustomerManagement.Web\CustomerManagementClient\dist\out-tsc\src\app\components\validation-viewer\validation-viewer.component.js.map
C:\Users\משתמש\Desktop\CustomerManagement\CustomerManagement.Web\CustomerManagementClient\dist\out-tsc\src\app\app.module.js
C:\Users\משתמש\Desktop\CustomerManagement\CustomerManagement.Web\CustomerManagementClient\dist\out-tsc\src\app\app.module.js.map
C:\Users\משתמש\Desktop\CustomerManagement\CustomerManagement.Web\CustomerManagementClient\dist\out-tsc\src\environments\environment.js
C:\Users\משתמש\Desktop\CustomerManagement\CustomerManagement.Web\CustomerManagementClient\dist\out-tsc\src\environments\environment.js.map
C:\Users\משתמש\Desktop\CustomerManagement\CustomerManagement.Web\CustomerManagementClient\dist\out-tsc\src\main.js
C:\Users\משתמש\Desktop\CustomerManagement\CustomerManagement.Web\CustomerManagementClient\dist\out-tsc\src\main.js.map
C:\Users\משתמש\Desktop\CustomerManagement\CustomerManagement.Web\CustomerManagementClient\dist\out-tsc\src\polyfills.js
C:\Users\משתמש\Desktop\CustomerManagement\CustomerManagement.Web\CustomerManagementClient\dist\out-tsc\src\polyfills.js.map
C:\Users\משתמש\Desktop\CustomerManagement\CustomerManagement.Web\CustomerManagementClient\dist\out-tsc\src\test.js
C:\Users\משתמש\Desktop\CustomerManagement\CustomerManagement.Web\CustomerManagementClient\dist\out-tsc\src\test.js.map
C:\Users\משתמש\Desktop\CustomerManagement\CustomerManagement.Web\CustomerManagementClient\dist\out-tsc\src\app\app.component.spec.js
C:\Users\משתמש\Desktop\CustomerManagement\CustomerManagement.Web\CustomerManagementClient\dist\out-tsc\src\app\app.component.spec.js.map
C:\Users\משתמש\Desktop\CustomerManagement\CustomerManagement.Web\CustomerManagementClient\dist\out-tsc\src\app\components\create-customer\create-customer.component.spec.js
C:\Users\משתמש\Desktop\CustomerManagement\CustomerManagement.Web\CustomerManagementClient\dist\out-tsc\src\app\components\create-customer\create-customer.component.spec.js.map
C:\Users\משתמש\Desktop\CustomerManagement\CustomerManagement.Web\CustomerManagementClient\dist\out-tsc\src\app\components\customers-list\customers-list.component.spec.js
C:\Users\משתמש\Desktop\CustomerManagement\CustomerManagement.Web\CustomerManagementClient\dist\out-tsc\src\app\components\customers-list\customers-list.component.spec.js.map
C:\Users\משתמש\Desktop\CustomerManagement\CustomerManagement.Web\CustomerManagementClient\dist\out-tsc\src\app\components\home\home.component.spec.js
C:\Users\משתמש\Desktop\CustomerManagement\CustomerManagement.Web\CustomerManagementClient\dist\out-tsc\src\app\components\home\home.component.spec.js.map
C:\Users\משתמש\Desktop\CustomerManagement\CustomerManagement.Web\CustomerManagementClient\dist\out-tsc\src\app\components\validation-viewer\validation-viewer.component.spec.js
C:\Users\משתמש\Desktop\CustomerManagement\CustomerManagement.Web\CustomerManagementClient\dist\out-tsc\src\app\components\validation-viewer\validation-viewer.component.spec.js.map
C:\Users\משתמש\Desktop\CustomerManagement\CustomerManagement.Web\CustomerManagementClient\dist\out-tsc\src\environments\environment.prod.js
C:\Users\משתמש\Desktop\CustomerManagement\CustomerManagement.Web\CustomerManagementClient\dist\out-tsc\src\environments\environment.prod.js.map
